{"/home/gfitz1/repos/discord-plex-bot/src/api/router.ts": {"path":"/home/gfitz1/repos/discord-plex-bot/src/api/router.ts","statementMap":{"0":{"start":{"line":1,"column":0},"end":{"line":1,"column":33}},"1":{"start":{"line":2,"column":0},"end":{"line":2,"column":45}},"2":{"start":{"line":3,"column":0},"end":{"line":3,"column":60}},"3":{"start":{"line":4,"column":0},"end":{"line":4,"column":57}},"4":{"start":{"line":5,"column":0},"end":{"line":5,"column":null}},"5":{"start":{"line":11,"column":15},"end":{"line":11,"column":23}},"6":{"start":{"line":13,"column":23},"end":{"line":20,"column":2}},"7":{"start":{"line":18,"column":4},"end":{"line":18,"column":20}},"8":{"start":{"line":22,"column":0},"end":{"line":22,"column":36}},"9":{"start":{"line":24,"column":0},"end":{"line":34,"column":2}},"10":{"start":{"line":36,"column":0},"end":{"line":36,"column":46}},"11":{"start":{"line":37,"column":0},"end":{"line":37,"column":47}},"12":{"start":{"line":39,"column":0},"end":{"line":39,"column":22}}},"fnMap":{"0":{"name":"(anonymous_1)","decl":{"start":{"line":14,"column":2},"end":{"line":14,"column":12}},"loc":{"start":{"line":14,"column":67},"end":{"line":19,"column":3}}}},"branchMap":{},"s":{"0":2,"1":2,"2":2,"3":2,"4":2,"5":2,"6":2,"7":0,"8":2,"9":2,"10":2,"11":2,"12":2},"f":{"0":0},"b":{}}
,"/home/gfitz1/repos/discord-plex-bot/src/api/server.ts": {"path":"/home/gfitz1/repos/discord-plex-bot/src/api/server.ts","statementMap":{"0":{"start":{"line":1,"column":0},"end":{"line":1,"column":53}},"1":{"start":{"line":2,"column":0},"end":{"line":2,"column":30}},"2":{"start":{"line":4,"column":28},"end":{"line":4,"column":37}},"3":{"start":{"line":6,"column":0},"end":{"line":6,"column":19}},"4":{"start":{"line":7,"column":0},"end":{"line":7,"column":24}},"5":{"start":{"line":9,"column":0},"end":{"line":9,"column":22}}},"fnMap":{},"branchMap":{},"s":{"0":2,"1":2,"2":2,"3":2,"4":2,"5":2},"f":{},"b":{}}
,"/home/gfitz1/repos/discord-plex-bot/src/api/middleware/authenticate.ts": {"path":"/home/gfitz1/repos/discord-plex-bot/src/api/middleware/authenticate.ts","statementMap":{"0":{"start":{"line":2,"column":0},"end":{"line":2,"column":47}},"1":{"start":{"line":3,"column":0},"end":{"line":3,"column":56}},"2":{"start":{"line":5,"column":28},"end":{"line":29,"column":1}},"3":{"start":{"line":10,"column":2},"end":{"line":28,"column":null}},"4":{"start":{"line":11,"column":19},"end":{"line":11,"column":30}},"5":{"start":{"line":13,"column":22},"end":{"line":13,"column":31}},"6":{"start":{"line":14,"column":19},"end":{"line":14,"column":37}},"7":{"start":{"line":16,"column":23},"end":{"line":18,"column":6}},"8":{"start":{"line":17,"column":6},"end":{"line":17,"column":25}},"9":{"start":{"line":20,"column":4},"end":{"line":22,"column":null}},"10":{"start":{"line":21,"column":6},"end":{"line":21,"column":77}},"11":{"start":{"line":24,"column":4},"end":{"line":24,"column":11}},"12":{"start":{"line":26,"column":4},"end":{"line":26,"column":60}},"13":{"start":{"line":27,"column":4},"end":{"line":27,"column":75}},"14":{"start":{"line":5,"column":13},"end":{"line":5,"column":28}}},"fnMap":{"0":{"name":"(anonymous_0)","decl":{"start":{"line":5,"column":28},"end":{"line":5,"column":null}},"loc":{"start":{"line":9,"column":4},"end":{"line":29,"column":1}}},"1":{"name":"(anonymous_1)","decl":{"start":{"line":16,"column":35},"end":{"line":16,"column":36}},"loc":{"start":{"line":16,"column":41},"end":{"line":18,"column":5}}}},"branchMap":{"0":{"loc":{"start":{"line":20,"column":4},"end":{"line":22,"column":null}},"type":"if","locations":[{"start":{"line":20,"column":4},"end":{"line":22,"column":null}}]}},"s":{"0":3,"1":3,"2":3,"3":2,"4":2,"5":2,"6":2,"7":2,"8":0,"9":2,"10":2,"11":0,"12":0,"13":0,"14":3},"f":{"0":2,"1":0},"b":{"0":[2]}}
,"/home/gfitz1/repos/discord-plex-bot/src/api/middleware/webhooks.ts": {"path":"/home/gfitz1/repos/discord-plex-bot/src/api/middleware/webhooks.ts","statementMap":{"0":{"start":{"line":2,"column":0},"end":{"line":2,"column":74}},"1":{"start":{"line":5,"column":28},"end":{"line":21,"column":1}},"2":{"start":{"line":10,"column":2},"end":{"line":20,"column":null}},"3":{"start":{"line":11,"column":20},"end":{"line":11,"column":48}},"4":{"start":{"line":12,"column":20},"end":{"line":12,"column":39}},"5":{"start":{"line":14,"column":4},"end":{"line":14,"column":23}},"6":{"start":{"line":16,"column":4},"end":{"line":16,"column":11}},"7":{"start":{"line":18,"column":4},"end":{"line":18,"column":60}},"8":{"start":{"line":19,"column":4},"end":{"line":19,"column":68}},"9":{"start":{"line":5,"column":13},"end":{"line":5,"column":28}},"10":{"start":{"line":23,"column":28},"end":{"line":35,"column":1}},"11":{"start":{"line":28,"column":19},"end":{"line":28,"column":28}},"12":{"start":{"line":30,"column":2},"end":{"line":32,"column":null}},"13":{"start":{"line":31,"column":4},"end":{"line":31,"column":75}},"14":{"start":{"line":34,"column":2},"end":{"line":34,"column":9}},"15":{"start":{"line":23,"column":13},"end":{"line":23,"column":28}},"16":{"start":{"line":37,"column":35},"end":{"line":49,"column":1}},"17":{"start":{"line":42,"column":33},"end":{"line":42,"column":41}},"18":{"start":{"line":44,"column":2},"end":{"line":46,"column":null}},"19":{"start":{"line":45,"column":4},"end":{"line":45,"column":75}},"20":{"start":{"line":48,"column":2},"end":{"line":48,"column":9}},"21":{"start":{"line":37,"column":13},"end":{"line":37,"column":35}}},"fnMap":{"0":{"name":"(anonymous_0)","decl":{"start":{"line":5,"column":28},"end":{"line":5,"column":null}},"loc":{"start":{"line":9,"column":4},"end":{"line":21,"column":1}}},"1":{"name":"(anonymous_1)","decl":{"start":{"line":23,"column":28},"end":{"line":23,"column":null}},"loc":{"start":{"line":27,"column":4},"end":{"line":35,"column":1}}},"2":{"name":"(anonymous_2)","decl":{"start":{"line":37,"column":35},"end":{"line":37,"column":null}},"loc":{"start":{"line":41,"column":4},"end":{"line":49,"column":1}}}},"branchMap":{"0":{"loc":{"start":{"line":11,"column":20},"end":{"line":11,"column":48}},"type":"binary-expr","locations":[{"start":{"line":11,"column":20},"end":{"line":11,"column":36}},{"start":{"line":11,"column":40},"end":{"line":11,"column":48}}]},"1":{"loc":{"start":{"line":30,"column":2},"end":{"line":32,"column":null}},"type":"if","locations":[{"start":{"line":30,"column":2},"end":{"line":32,"column":null}}]},"2":{"loc":{"start":{"line":30,"column":6},"end":{"line":30,"column":61}},"type":"binary-expr","locations":[{"start":{"line":30,"column":6},"end":{"line":30,"column":30}},{"start":{"line":30,"column":34},"end":{"line":30,"column":61}}]},"3":{"loc":{"start":{"line":44,"column":2},"end":{"line":46,"column":null}},"type":"if","locations":[{"start":{"line":44,"column":2},"end":{"line":46,"column":null}}]}},"s":{"0":3,"1":3,"2":2,"3":2,"4":2,"5":2,"6":2,"7":0,"8":0,"9":3,"10":3,"11":3,"12":3,"13":1,"14":2,"15":3,"16":3,"17":3,"18":3,"19":2,"20":1,"21":3},"f":{"0":2,"1":3,"2":3},"b":{"0":[2,1],"1":[1],"2":[3,2],"3":[2]}}
,"/home/gfitz1/repos/discord-plex-bot/src/api/routes/controller.ts": {"path":"/home/gfitz1/repos/discord-plex-bot/src/api/routes/controller.ts","statementMap":{"0":{"start":{"line":2,"column":0},"end":{"line":2,"column":56}},"1":{"start":{"line":3,"column":0},"end":{"line":3,"column":47}},"2":{"start":{"line":6,"column":16},"end":{"line":9,"column":1}},"3":{"start":{"line":7,"column":2},"end":{"line":7,"column":38}},"4":{"start":{"line":8,"column":2},"end":{"line":8,"column":61}},"5":{"start":{"line":11,"column":25},"end":{"line":15,"column":1}},"6":{"start":{"line":12,"column":2},"end":{"line":12,"column":47}},"7":{"start":{"line":14,"column":2},"end":{"line":14,"column":62}},"8":{"start":{"line":17,"column":24},"end":{"line":31,"column":1}},"9":{"start":{"line":18,"column":2},"end":{"line":18,"column":46}},"10":{"start":{"line":20,"column":2},"end":{"line":30,"column":null}},"11":{"start":{"line":21,"column":35},"end":{"line":21,"column":43}},"12":{"start":{"line":22,"column":17},"end":{"line":22,"column":64}},"13":{"start":{"line":24,"column":4},"end":{"line":24,"column":40}},"14":{"start":{"line":26,"column":4},"end":{"line":26,"column":63}},"15":{"start":{"line":28,"column":4},"end":{"line":28,"column":60}},"16":{"start":{"line":29,"column":4},"end":{"line":29,"column":68}},"17":{"start":{"line":33,"column":0},"end":{"line":37,"column":2}}},"fnMap":{"0":{"name":"(anonymous_0)","decl":{"start":{"line":6,"column":16},"end":{"line":6,"column":17}},"loc":{"start":{"line":6,"column":48},"end":{"line":9,"column":1}}},"1":{"name":"(anonymous_1)","decl":{"start":{"line":11,"column":25},"end":{"line":11,"column":26}},"loc":{"start":{"line":11,"column":57},"end":{"line":15,"column":1}}},"2":{"name":"(anonymous_2)","decl":{"start":{"line":17,"column":24},"end":{"line":17,"column":25}},"loc":{"start":{"line":17,"column":56},"end":{"line":31,"column":1}}}},"branchMap":{},"s":{"0":2,"1":2,"2":2,"3":1,"4":1,"5":2,"6":1,"7":1,"8":2,"9":0,"10":0,"11":0,"12":0,"13":0,"14":0,"15":0,"16":0,"17":2},"f":{"0":1,"1":1,"2":0},"b":{}}
,"/home/gfitz1/repos/discord-plex-bot/src/api/routes/model.ts": {"path":"/home/gfitz1/repos/discord-plex-bot/src/api/routes/model.ts","statementMap":{"0":{"start":{"line":1,"column":0},"end":{"line":1,"column":53}},"1":{"start":{"line":3,"column":0},"end":{"line":3,"column":49}},"2":{"start":{"line":6,"column":36},"end":{"line":26,"column":1}},"3":{"start":{"line":10,"column":2},"end":{"line":25,"column":null}},"4":{"start":{"line":11,"column":23},"end":{"line":17,"column":null}},"5":{"start":{"line":20,"column":34},"end":{"line":20,"column":45}},"6":{"start":{"line":21,"column":4},"end":{"line":21,"column":63}},"7":{"start":{"line":23,"column":4},"end":{"line":23,"column":60}},"8":{"start":{"line":24,"column":4},"end":{"line":24,"column":23}},"9":{"start":{"line":6,"column":13},"end":{"line":6,"column":36}}},"fnMap":{"0":{"name":"(anonymous_0)","decl":{"start":{"line":6,"column":36},"end":{"line":6,"column":null}},"loc":{"start":{"line":9,"column":4},"end":{"line":26,"column":1}}}},"branchMap":{"0":{"loc":{"start":{"line":14,"column":6},"end":{"line":14,"column":35}},"type":"binary-expr","locations":[{"start":{"line":14,"column":6},"end":{"line":14,"column":10}},{"start":{"line":14,"column":14},"end":{"line":14,"column":35}}]}},"s":{"0":2,"1":2,"2":2,"3":0,"4":0,"5":0,"6":0,"7":0,"8":0,"9":2},"f":{"0":0},"b":{"0":[0,0]}}
,"/home/gfitz1/repos/discord-plex-bot/src/bot/initialize.ts": {"path":"/home/gfitz1/repos/discord-plex-bot/src/bot/initialize.ts","statementMap":{"0":{"start":{"line":1,"column":0},"end":{"line":1,"column":55}},"1":{"start":{"line":2,"column":0},"end":{"line":2,"column":20}},"2":{"start":{"line":3,"column":0},"end":{"line":3,"column":24}},"3":{"start":{"line":5,"column":0},"end":{"line":5,"column":44}},"4":{"start":{"line":7,"column":15},"end":{"line":7,"column":26}},"5":{"start":{"line":11,"column":25},"end":{"line":13,"column":1}},"6":{"start":{"line":12,"column":2},"end":{"line":12,"column":16}},"7":{"start":{"line":11,"column":13},"end":{"line":11,"column":25}},"8":{"start":{"line":15,"column":29},"end":{"line":41,"column":1}},"9":{"start":{"line":16,"column":2},"end":{"line":18,"column":5}},"10":{"start":{"line":20,"column":21},"end":{"line":20,"column":51}},"11":{"start":{"line":21,"column":21},"end":{"line":23,"column":4}},"12":{"start":{"line":22,"column":4},"end":{"line":22,"column":56}},"13":{"start":{"line":25,"column":2},"end":{"line":38,"column":5}},"14":{"start":{"line":26,"column":21},"end":{"line":26,"column":48}},"15":{"start":{"line":27,"column":36},"end":{"line":27,"column":58}},"16":{"start":{"line":27,"column":57},"end":{"line":27,"column":58}},"17":{"start":{"line":29,"column":4},"end":{"line":37,"column":null}},"18":{"start":{"line":30,"column":6},"end":{"line":32,"column":9}},"19":{"start":{"line":31,"column":8},"end":{"line":31,"column":25}},"20":{"start":{"line":34,"column":6},"end":{"line":36,"column":9}},"21":{"start":{"line":35,"column":8},"end":{"line":35,"column":25}},"22":{"start":{"line":40,"column":2},"end":{"line":40,"column":37}},"23":{"start":{"line":15,"column":13},"end":{"line":15,"column":29}}},"fnMap":{"0":{"name":"(anonymous_7)","decl":{"start":{"line":11,"column":25},"end":{"line":11,"column":36}},"loc":{"start":{"line":11,"column":38},"end":{"line":13,"column":1}}},"1":{"name":"(anonymous_8)","decl":{"start":{"line":15,"column":29},"end":{"line":15,"column":32}},"loc":{"start":{"line":15,"column":34},"end":{"line":41,"column":1}}},"2":{"name":"(anonymous_9)","decl":{"start":{"line":21,"column":55},"end":{"line":21,"column":56}},"loc":{"start":{"line":21,"column":64},"end":{"line":23,"column":3}}},"3":{"name":"(anonymous_10)","decl":{"start":{"line":25,"column":21},"end":{"line":25,"column":26}},"loc":{"start":{"line":25,"column":36},"end":{"line":38,"column":3}}},"4":{"name":"(anonymous_11)","decl":{"start":{"line":27,"column":57},"end":{"line":27,"column":58}},"loc":{"start":{"line":27,"column":57},"end":{"line":27,"column":58}}},"5":{"name":"(anonymous_12)","decl":{"start":{"line":30,"column":24},"end":{"line":30,"column":25}},"loc":{"start":{"line":30,"column":36},"end":{"line":32,"column":7}}},"6":{"name":"(anonymous_13)","decl":{"start":{"line":34,"column":22},"end":{"line":34,"column":23}},"loc":{"start":{"line":34,"column":34},"end":{"line":36,"column":7}}}},"branchMap":{"0":{"loc":{"start":{"line":22,"column":11},"end":{"line":22,"column":55}},"type":"binary-expr","locations":[{"start":{"line":22,"column":11},"end":{"line":22,"column":31}},{"start":{"line":22,"column":35},"end":{"line":22,"column":55}}]},"1":{"loc":{"start":{"line":29,"column":4},"end":{"line":37,"column":null}},"type":"if","locations":[{"start":{"line":29,"column":4},"end":{"line":37,"column":null}},{"start":{"line":33,"column":11},"end":{"line":37,"column":null}}]}},"s":{"0":2,"1":2,"2":2,"3":2,"4":2,"5":2,"6":0,"7":2,"8":2,"9":0,"10":0,"11":0,"12":0,"13":0,"14":0,"15":0,"16":0,"17":0,"18":0,"19":0,"20":0,"21":0,"22":0,"23":2},"f":{"0":0,"1":0,"2":0,"3":0,"4":0,"5":0,"6":0},"b":{"0":[0,0],"1":[0,0]}}
,"/home/gfitz1/repos/discord-plex-bot/src/bot/utils/ratingFormatter.ts": {"path":"/home/gfitz1/repos/discord-plex-bot/src/bot/utils/ratingFormatter.ts","statementMap":{"0":{"start":{"line":6,"column":32},"end":{"line":14,"column":1}},"1":{"start":{"line":7,"column":2},"end":{"line":13,"column":null}},"2":{"start":{"line":8,"column":23},"end":{"line":8,"column":37}},"3":{"start":{"line":9,"column":4},"end":{"line":9,"column":33}},"4":{"start":{"line":11,"column":4},"end":{"line":11,"column":62}},"5":{"start":{"line":12,"column":4},"end":{"line":12,"column":23}},"6":{"start":{"line":6,"column":13},"end":{"line":6,"column":32}},"7":{"start":{"line":20,"column":36},"end":{"line":28,"column":1}},"8":{"start":{"line":21,"column":2},"end":{"line":27,"column":null}},"9":{"start":{"line":22,"column":29},"end":{"line":22,"column":48}},"10":{"start":{"line":23,"column":4},"end":{"line":23,"column":34}},"11":{"start":{"line":25,"column":4},"end":{"line":25,"column":62}},"12":{"start":{"line":26,"column":4},"end":{"line":26,"column":23}},"13":{"start":{"line":20,"column":13},"end":{"line":20,"column":36}}},"fnMap":{"0":{"name":"(anonymous_0)","decl":{"start":{"line":6,"column":32},"end":{"line":6,"column":33}},"loc":{"start":{"line":6,"column":63},"end":{"line":14,"column":1}}},"1":{"name":"(anonymous_1)","decl":{"start":{"line":20,"column":36},"end":{"line":20,"column":37}},"loc":{"start":{"line":20,"column":71},"end":{"line":28,"column":1}}}},"branchMap":{},"s":{"0":1,"1":3,"2":3,"3":3,"4":0,"5":0,"6":1,"7":1,"8":3,"9":3,"10":3,"11":0,"12":0,"13":1},"f":{"0":3,"1":3},"b":{}}
,"/home/gfitz1/repos/discord-plex-bot/src/models/PlexRating.ts": {"path":"/home/gfitz1/repos/discord-plex-bot/src/models/PlexRating.ts","statementMap":{"0":{"start":{"line":3,"column":11},"end":{"line":3,"column":29}},"1":{"start":{"line":4,"column":11},"end":{"line":4,"column":33}},"2":{"start":{"line":5,"column":11},"end":{"line":5,"column":30}},"3":{"start":{"line":6,"column":11},"end":{"line":6,"column":26}},"4":{"start":{"line":7,"column":11},"end":{"line":7,"column":26}},"5":{"start":{"line":8,"column":11},"end":{"line":8,"column":24}},"6":{"start":{"line":1,"column":0},"end":{"line":1,"column":13}}},"fnMap":{"0":{"name":"(anonymous_0)","decl":{"start":{"line":2,"column":2},"end":{"line":2,"column":null}},"loc":{"start":{"line":8,"column":24},"end":{"line":9,"column":6}}}},"branchMap":{},"s":{"0":0,"1":0,"2":0,"3":0,"4":0,"5":0,"6":2},"f":{"0":0},"b":{}}
,"/home/gfitz1/repos/discord-plex-bot/src/utils/config.ts": {"path":"/home/gfitz1/repos/discord-plex-bot/src/utils/config.ts","statementMap":{"0":{"start":{"line":20,"column":25},"end":{"line":35,"column":1}},"1":{"start":{"line":21,"column":2},"end":{"line":34,"column":4}},"2":{"start":{"line":20,"column":13},"end":{"line":20,"column":25}}},"fnMap":{"0":{"name":"(anonymous_0)","decl":{"start":{"line":20,"column":25},"end":{"line":20,"column":41}},"loc":{"start":{"line":20,"column":43},"end":{"line":35,"column":1}}}},"branchMap":{"0":{"loc":{"start":{"line":23,"column":13},"end":{"line":23,"column":44}},"type":"binary-expr","locations":[{"start":{"line":23,"column":13},"end":{"line":23,"column":38}},{"start":{"line":23,"column":42},"end":{"line":23,"column":44}}]},"1":{"loc":{"start":{"line":24,"column":17},"end":{"line":24,"column":60}},"type":"binary-expr","locations":[{"start":{"line":24,"column":17},"end":{"line":24,"column":54}},{"start":{"line":24,"column":58},"end":{"line":24,"column":60}}]},"2":{"loc":{"start":{"line":27,"column":14},"end":{"line":29,"column":12}},"type":"cond-expr","locations":[{"start":{"line":28,"column":10},"end":{"line":28,"column":50}},{"start":{"line":29,"column":10},"end":{"line":29,"column":12}}]},"3":{"loc":{"start":{"line":32,"column":12},"end":{"line":32,"column":62}},"type":"cond-expr","locations":[{"start":{"line":32,"column":31},"end":{"line":32,"column":55}},{"start":{"line":32,"column":58},"end":{"line":32,"column":62}}]}},"s":{"0":3,"1":4,"2":3},"f":{"0":4},"b":{"0":[4,4],"1":[4,4],"2":[0,4],"3":[0,4]}}
,"/home/gfitz1/repos/discord-plex-bot/src/utils/constants.ts": {"path":"/home/gfitz1/repos/discord-plex-bot/src/utils/constants.ts","statementMap":{"0":{"start":{"line":1,"column":0},"end":{"line":1,"column":null}},"1":{"start":{"line":2,"column":2},"end":{"line":2,"column":null}},"2":{"start":{"line":3,"column":2},"end":{"line":3,"column":null}},"3":{"start":{"line":4,"column":2},"end":{"line":4,"column":null}},"4":{"start":{"line":5,"column":2},"end":{"line":5,"column":null}},"5":{"start":{"line":8,"column":0},"end":{"line":8,"column":null}},"6":{"start":{"line":9,"column":2},"end":{"line":9,"column":null}},"7":{"start":{"line":10,"column":2},"end":{"line":10,"column":null}},"8":{"start":{"line":11,"column":2},"end":{"line":11,"column":null}}},"fnMap":{"0":{"name":"(anonymous_0)","decl":{"start":{"line":1,"column":0},"end":{"line":1,"column":12}},"loc":{"start":{"line":1,"column":27},"end":{"line":6,"column":1}}},"1":{"name":"(anonymous_1)","decl":{"start":{"line":8,"column":0},"end":{"line":8,"column":12}},"loc":{"start":{"line":8,"column":28},"end":{"line":12,"column":1}}}},"branchMap":{"0":{"loc":{"start":{"line":1,"column":12},"end":{"line":1,"column":null}},"type":"binary-expr","locations":[{"start":{"line":1,"column":12},"end":{"line":1,"column":27}},{"start":{"line":1,"column":27},"end":{"line":1,"column":null}}]},"1":{"loc":{"start":{"line":8,"column":12},"end":{"line":8,"column":null}},"type":"binary-expr","locations":[{"start":{"line":8,"column":12},"end":{"line":8,"column":28}},{"start":{"line":8,"column":28},"end":{"line":8,"column":null}}]}},"s":{"0":4,"1":4,"2":4,"3":4,"4":4,"5":4,"6":4,"7":4,"8":4},"f":{"0":4,"1":4},"b":{"0":[4,4],"1":[4,4]}}
}
