TN:
SF:src/api/router.ts
FN:14,(anonymous_1)
FNF:1
FNH:0
FNDA:0,(anonymous_1)
DA:1,2
DA:2,2
DA:3,2
DA:4,2
DA:5,2
DA:11,2
DA:13,2
DA:18,0
DA:22,2
DA:24,2
DA:36,2
DA:37,2
DA:39,2
LF:13
LH:12
BRF:0
BRH:0
end_of_record
TN:
SF:src/api/server.ts
FNF:0
FNH:0
DA:1,2
DA:2,2
DA:4,2
DA:6,2
DA:7,2
DA:9,2
LF:6
LH:6
BRF:0
BRH:0
end_of_record
TN:
SF:src/api/middleware/authenticate.ts
FN:5,(anonymous_0)
FN:16,(anonymous_1)
FNF:2
FNH:1
FNDA:2,(anonymous_0)
FNDA:0,(anonymous_1)
DA:2,3
DA:3,3
DA:5,3
DA:10,2
DA:11,2
DA:13,2
DA:14,2
DA:16,2
DA:17,0
DA:20,2
DA:21,2
DA:24,0
DA:26,0
DA:27,0
LF:14
LH:10
BRDA:20,0,0,2
BRF:1
BRH:1
end_of_record
TN:
SF:src/api/middleware/webhooks.ts
FN:5,(anonymous_0)
FN:23,(anonymous_1)
FN:37,(anonymous_2)
FNF:3
FNH:3
FNDA:2,(anonymous_0)
FNDA:3,(anonymous_1)
FNDA:3,(anonymous_2)
DA:2,3
DA:5,3
DA:10,2
DA:11,2
DA:12,2
DA:14,2
DA:16,2
DA:18,0
DA:19,0
DA:23,3
DA:28,3
DA:30,3
DA:31,1
DA:34,2
DA:37,3
DA:42,3
DA:44,3
DA:45,2
DA:48,1
LF:19
LH:17
BRDA:11,0,0,2
BRDA:11,0,1,1
BRDA:30,1,0,1
BRDA:30,2,0,3
BRDA:30,2,1,2
BRDA:44,3,0,2
BRF:6
BRH:6
end_of_record
TN:
SF:src/api/routes/controller.ts
FN:6,(anonymous_0)
FN:11,(anonymous_1)
FN:17,(anonymous_2)
FNF:3
FNH:2
FNDA:1,(anonymous_0)
FNDA:1,(anonymous_1)
FNDA:0,(anonymous_2)
DA:2,2
DA:3,2
DA:6,2
DA:7,1
DA:8,1
DA:11,2
DA:12,1
DA:14,1
DA:17,2
DA:18,0
DA:20,0
DA:21,0
DA:22,0
DA:24,0
DA:26,0
DA:28,0
DA:29,0
DA:33,2
LF:18
LH:10
BRF:0
BRH:0
end_of_record
TN:
SF:src/api/routes/model.ts
FN:6,(anonymous_0)
FNF:1
FNH:0
FNDA:0,(anonymous_0)
DA:1,2
DA:3,2
DA:6,2
DA:10,0
DA:11,0
DA:20,0
DA:21,0
DA:23,0
DA:24,0
LF:9
LH:3
BRDA:14,0,0,0
BRDA:14,0,1,0
BRF:2
BRH:0
end_of_record
TN:
SF:src/bot/initialize.ts
FN:11,(anonymous_7)
FN:15,(anonymous_8)
FN:21,(anonymous_9)
FN:25,(anonymous_10)
FN:27,(anonymous_11)
FN:30,(anonymous_12)
FN:34,(anonymous_13)
FNF:7
FNH:0
FNDA:0,(anonymous_7)
FNDA:0,(anonymous_8)
FNDA:0,(anonymous_9)
FNDA:0,(anonymous_10)
FNDA:0,(anonymous_11)
FNDA:0,(anonymous_12)
FNDA:0,(anonymous_13)
DA:1,2
DA:2,2
DA:3,2
DA:5,2
DA:7,2
DA:11,2
DA:12,0
DA:15,2
DA:16,0
DA:20,0
DA:21,0
DA:22,0
DA:25,0
DA:26,0
DA:27,0
DA:29,0
DA:30,0
DA:31,0
DA:34,0
DA:35,0
DA:40,0
LF:21
LH:7
BRDA:22,0,0,0
BRDA:22,0,1,0
BRDA:29,1,0,0
BRDA:29,1,1,0
BRF:4
BRH:0
end_of_record
TN:
SF:src/bot/utils/ratingFormatter.ts
FN:6,(anonymous_0)
FN:20,(anonymous_1)
FNF:2
FNH:2
FNDA:3,(anonymous_0)
FNDA:3,(anonymous_1)
DA:6,1
DA:7,3
DA:8,3
DA:9,3
DA:11,0
DA:12,0
DA:20,1
DA:21,3
DA:22,3
DA:23,3
DA:25,0
DA:26,0
LF:12
LH:8
BRF:0
BRH:0
end_of_record
TN:
SF:src/models/PlexRating.ts
FN:2,(anonymous_0)
FNF:1
FNH:0
FNDA:0,(anonymous_0)
DA:1,2
DA:3,0
DA:4,0
DA:5,0
DA:6,0
DA:7,0
DA:8,0
LF:7
LH:1
BRF:0
BRH:0
end_of_record
TN:
SF:src/utils/config.ts
FN:20,(anonymous_0)
FNF:1
FNH:1
FNDA:4,(anonymous_0)
DA:20,3
DA:21,4
LF:2
LH:2
BRDA:23,0,0,4
BRDA:23,0,1,4
BRDA:24,1,0,4
BRDA:24,1,1,4
BRDA:27,2,0,0
BRDA:27,2,1,4
BRDA:32,3,0,0
BRDA:32,3,1,4
BRF:8
BRH:6
end_of_record
TN:
SF:src/utils/constants.ts
FN:1,(anonymous_0)
FN:8,(anonymous_1)
FNF:2
FNH:2
FNDA:4,(anonymous_0)
FNDA:4,(anonymous_1)
DA:1,4
DA:2,4
DA:3,4
DA:4,4
DA:5,4
DA:8,4
DA:9,4
DA:10,4
DA:11,4
LF:9
LH:9
BRDA:1,0,0,4
BRDA:1,0,1,4
BRDA:8,1,0,4
BRDA:8,1,1,4
BRF:4
BRH:4
end_of_record
